<?xml version="1.0" encoding="UTF-8"?>
<!-- Generated by org.testng.reporters.JUnitXMLReporter -->
<testsuite ignored="0" hostname="DESKTOP-7S4JQ9S" failures="0" tests="4" name="Default test" time="9.103" errors="0" timestamp="2026-06-08T11:53:49 IST">
  <testcase classname="testNG_demo.Login_demo" name="browserLaunch" time="8.152"/>
  <testcase classname="testNG_demo.Login_demo" name="enterCredentials" time="0.653"/>
  <testcase classname="testNG_demo.Login_demo" name="clickOnLoginbutton" time="0.071"/>
  <testcase classname="testNG_demo.Login_demo" name="tearDown" time="0.184"/>
</testsuite> <!-- Default test -->
