<?xml version="1.0" encoding="UTF-8"?>
<!-- Generated by org.testng.reporters.JUnitXMLReporter -->
<testsuite ignored="1" hostname="DESKTOP-7S4JQ9S" failures="0" tests="3" name="Test2" time="34.45" errors="0" timestamp="2026-06-10T12:25:25 IST">
  <testcase classname="testNG_demo.Login_demo" name="browserLaunch" time="33.692"/>
  <testcase classname="testNG_demo.Login_demo" name="enterCredentials" time="0.673"/>
  <testcase classname="testNG_demo.Login_demo" name="clickOnLoginbutton" time="0.076"/>
  <testcase classname="testNG_demo.Login_demo" name="tearDown" time="0.0">
    <ignored/>
  </testcase> <!-- tearDown -->
</testsuite> <!-- Test2 -->
