<?xml version="1.0" encoding="UTF-8"?>
<!-- Generated by org.testng.reporters.JUnitXMLReporter -->
<testsuite ignored="0" hostname="DESKTOP-7S4JQ9S" failures="0" tests="3" name="Test" time="28.699" errors="0" timestamp="2026-06-11T13:09:52 IST">
  <testcase classname="testNG_demo.DataProvider_Example" name="loginTest" time="1.958"/>
  <testcase classname="testNG_demo.DataProvider_Example" name="loginTest" time="1.722"/>
  <testcase classname="testNG_demo.DataProvider_Example" name="loginTest" time="1.18"/>
</testsuite> <!-- Test -->
