<?xml version="1.0" encoding="UTF-8"?>
<testng-results ignored="0" total="3" passed="3" failed="0" skipped="0">
  <reporter-output>
  </reporter-output>
  <suite started-at="2026-06-11T13:09:23 IST" name="Suite" finished-at="2026-06-11T13:09:52 IST" duration-ms="28699">
    <groups>
    </groups>
    <test started-at="2026-06-11T13:09:23 IST" name="Test" finished-at="2026-06-11T13:09:52 IST" duration-ms="28699">
      <class name="testNG_demo.DataProvider_Example">
        <test-method is-config="true" signature="browserLaunching()[pri:0, instance:testNG_demo.DataProvider_Example@48b67364]" started-at="2026-06-11T13:09:23 IST" name="browserLaunching" finished-at="2026-06-11T13:09:30 IST" duration-ms="6984" status="PASS">
          <reporter-output>
          </reporter-output>
        </test-method> <!-- browserLaunching -->
        <test-method signature="loginTest(java.lang.String,java.lang.String)[pri:0, instance:testNG_demo.DataProvider_Example@48b67364]" started-at="2026-06-11T13:09:30 IST" name="loginTest" data-provider="testData" finished-at="2026-06-11T13:09:32 IST" duration-ms="1958" status="PASS">
          <params>
            <param index="0">
              <value>
                <![CDATA[Admin]]>
              </value>
            </param>
            <param index="1">
              <value>
                <![CDATA[admin123]]>
              </value>
            </param>
          </params>
          <reporter-output>
          </reporter-output>
        </test-method> <!-- loginTest -->
        <test-method is-config="true" signature="browserLaunching()[pri:0, instance:testNG_demo.DataProvider_Example@48b67364]" started-at="2026-06-11T13:09:32 IST" name="browserLaunching" finished-at="2026-06-11T13:09:37 IST" duration-ms="4810" status="PASS">
          <reporter-output>
          </reporter-output>
        </test-method> <!-- browserLaunching -->
        <test-method signature="loginTest(java.lang.String,java.lang.String)[pri:0, instance:testNG_demo.DataProvider_Example@48b67364]" started-at="2026-06-11T13:09:37 IST" name="loginTest" data-provider="testData" finished-at="2026-06-11T13:09:39 IST" duration-ms="1722" status="PASS">
          <params>
            <param index="0">
              <value>
                <![CDATA[admin]]>
              </value>
            </param>
            <param index="1">
              <value>
                <![CDATA[admin321]]>
              </value>
            </param>
          </params>
          <reporter-output>
          </reporter-output>
        </test-method> <!-- loginTest -->
        <test-method is-config="true" signature="browserLaunching()[pri:0, instance:testNG_demo.DataProvider_Example@48b67364]" started-at="2026-06-11T13:09:39 IST" name="browserLaunching" finished-at="2026-06-11T13:09:50 IST" duration-ms="11790" status="PASS">
          <reporter-output>
          </reporter-output>
        </test-method> <!-- browserLaunching -->
        <test-method signature="loginTest(java.lang.String,java.lang.String)[pri:0, instance:testNG_demo.DataProvider_Example@48b67364]" started-at="2026-06-11T13:09:50 IST" name="loginTest" data-provider="testData" finished-at="2026-06-11T13:09:52 IST" duration-ms="1180" status="PASS">
          <params>
            <param index="0">
              <value>
                <![CDATA[admins]]>
              </value>
            </param>
            <param index="1">
              <value>
                <![CDATA[admins322]]>
              </value>
            </param>
          </params>
          <reporter-output>
          </reporter-output>
        </test-method> <!-- loginTest -->
        <test-method is-config="true" signature="tearDown()[pri:0, instance:testNG_demo.DataProvider_Example@48b67364]" started-at="2026-06-11T13:09:52 IST" name="tearDown" finished-at="2026-06-11T13:09:52 IST" duration-ms="202" status="PASS">
          <reporter-output>
          </reporter-output>
        </test-method> <!-- tearDown -->
      </class> <!-- testNG_demo.DataProvider_Example -->
    </test> <!-- Test -->
  </suite> <!-- Suite -->
</testng-results>
