<?xml version="1.0" encoding="UTF-8"?>
<!-- Generated by org.testng.reporters.JUnitReportReporter -->
<testsuite hostname="DESKTOP-7S4JQ9S" failures="0" tests="6" name="testNG_demo.Login_demo" time="44.774" errors="0" timestamp="2026-06-10T12:25:25 IST" skipped="0">
  <testcase classname="testNG_demo.Login_demo" name="browserLaunch" time="9.624"/>
  <testcase classname="testNG_demo.Login_demo" name="browserLaunch" time="33.692"/>
  <testcase classname="testNG_demo.Login_demo" name="enterCredentials" time="0.673"/>
  <testcase classname="testNG_demo.Login_demo" name="enterCredentials" time="0.641"/>
  <testcase classname="testNG_demo.Login_demo" name="clickOnLoginbutton" time="0.076"/>
  <testcase classname="testNG_demo.Login_demo" name="clickOnLoginbutton" time="0.068"/>
</testsuite> <!-- testNG_demo.Login_demo -->
