<?xml version="1.0" encoding="UTF-8"?>
<!-- Generated by org.testng.reporters.JUnitReportReporter -->
<testsuite hostname="DESKTOP-7S4JQ9S" failures="0" tests="3" name="testNG_demo.DataProvider_Example" time="28.444" errors="0" timestamp="2026-06-11T13:09:52 IST" skipped="0">
  <testcase classname="testNG_demo.DataProvider_Example" name="loginTest" time="13.512"/>
  <testcase classname="testNG_demo.DataProvider_Example" name="loginTest" time="6.768"/>
  <testcase classname="testNG_demo.DataProvider_Example" name="loginTest" time="8.164"/>
</testsuite> <!-- testNG_demo.DataProvider_Example -->
